2025/07/29 09:23:31 [notice] 1#1: using the "epoll" event method
2025/07/29 09:23:31 [notice] 1#1: nginx/1.28.0
2025/07/29 09:23:31 [notice] 1#1: built by gcc 14.2.0 (Alpine 14.2.0) 
2025/07/29 09:23:31 [notice] 1#1: OS: Linux 6.14.0-24-generic
2025/07/29 09:23:31 [notice] 1#1: getrlimit(RLIMIT_NOFILE): 1048576:1048576
2025/07/29 09:23:31 [notice] 1#1: start worker processes
2025/07/29 09:23:31 [notice] 1#1: start worker process 30
2025/07/29 09:23:31 [notice] 1#1: start worker process 31
2025/07/29 09:23:31 [notice] 1#1: start worker process 32
2025/07/29 09:23:31 [notice] 1#1: start worker process 33
2025/07/29 09:24:00 [notice] 1#1: signal 3 (SIGQUIT) received, shutting down
2025/07/29 09:24:00 [notice] 30#30: gracefully shutting down
2025/07/29 09:24:00 [notice] 30#30: exiting
2025/07/29 09:24:00 [notice] 30#30: exit
2025/07/29 09:24:00 [notice] 33#33: gracefully shutting down
2025/07/29 09:24:00 [notice] 31#31: gracefully shutting down
2025/07/29 09:24:00 [notice] 33#33: exiting
2025/07/29 09:24:00 [notice] 31#31: exiting
2025/07/29 09:24:00 [notice] 33#33: exit
2025/07/29 09:24:00 [notice] 31#31: exit
2025/07/29 09:24:00 [notice] 32#32: gracefully shutting down
2025/07/29 09:24:00 [notice] 32#32: exiting
2025/07/29 09:24:00 [notice] 32#32: exit
2025/07/29 09:24:00 [notice] 1#1: signal 17 (SIGCHLD) received from 30
2025/07/29 09:24:00 [notice] 1#1: worker process 30 exited with code 0
2025/07/29 09:24:00 [notice] 1#1: signal 29 (SIGIO) received
2025/07/29 09:24:00 [notice] 1#1: signal 17 (SIGCHLD) received from 33
2025/07/29 09:24:00 [notice] 1#1: worker process 33 exited with code 0
2025/07/29 09:24:00 [notice] 1#1: signal 29 (SIGIO) received
2025/07/29 09:24:00 [notice] 1#1: signal 17 (SIGCHLD) received from 31
2025/07/29 09:24:00 [notice] 1#1: worker process 31 exited with code 0
2025/07/29 09:24:00 [notice] 1#1: worker process 32 exited with code 0
2025/07/29 09:24:00 [notice] 1#1: exit
2025/07/29 09:24:15 [notice] 1#1: using the "epoll" event method
2025/07/29 09:24:15 [notice] 1#1: nginx/1.28.0
2025/07/29 09:24:15 [notice] 1#1: built by gcc 14.2.0 (Alpine 14.2.0) 
2025/07/29 09:24:15 [notice] 1#1: OS: Linux 6.14.0-24-generic
2025/07/29 09:24:15 [notice] 1#1: getrlimit(RLIMIT_NOFILE): 1048576:1048576
2025/07/29 09:24:15 [notice] 1#1: start worker processes
2025/07/29 09:24:15 [notice] 1#1: start worker process 31
2025/07/29 09:24:15 [notice] 1#1: start worker process 32
2025/07/29 09:24:15 [notice] 1#1: start worker process 33
2025/07/29 09:24:15 [notice] 1#1: start worker process 34
2025/07/29 09:26:18 [notice] 1#1: signal 3 (SIGQUIT) received, shutting down
2025/07/29 09:26:18 [notice] 31#31: gracefully shutting down
2025/07/29 09:26:18 [notice] 31#31: exiting
2025/07/29 09:26:18 [notice] 31#31: exit
2025/07/29 09:26:18 [notice] 34#34: gracefully shutting down
2025/07/29 09:26:18 [notice] 34#34: exiting
2025/07/29 09:26:18 [notice] 34#34: exit
2025/07/29 09:26:18 [notice] 32#32: gracefully shutting down
2025/07/29 09:26:18 [notice] 32#32: exiting
2025/07/29 09:26:18 [notice] 32#32: exit
2025/07/29 09:26:18 [notice] 33#33: gracefully shutting down
2025/07/29 09:26:18 [notice] 33#33: exiting
2025/07/29 09:26:18 [notice] 33#33: exit
2025/07/29 09:26:18 [notice] 1#1: signal 17 (SIGCHLD) received from 34
2025/07/29 09:26:18 [notice] 1#1: worker process 34 exited with code 0
2025/07/29 09:26:18 [notice] 1#1: signal 29 (SIGIO) received
2025/07/29 09:26:18 [notice] 1#1: signal 17 (SIGCHLD) received from 32
2025/07/29 09:26:18 [notice] 1#1: worker process 31 exited with code 0
2025/07/29 09:26:18 [notice] 1#1: worker process 32 exited with code 0
2025/07/29 09:26:18 [notice] 1#1: signal 29 (SIGIO) received
2025/07/29 09:26:18 [notice] 1#1: signal 17 (SIGCHLD) received from 33
2025/07/29 09:26:18 [notice] 1#1: worker process 33 exited with code 0
2025/07/29 09:26:18 [notice] 1#1: exit
2025/07/29 09:26:34 [notice] 1#1: using the "epoll" event method
2025/07/29 09:26:34 [notice] 1#1: nginx/1.28.0
2025/07/29 09:26:34 [notice] 1#1: built by gcc 14.2.0 (Alpine 14.2.0) 
2025/07/29 09:26:34 [notice] 1#1: OS: Linux 6.14.0-24-generic
2025/07/29 09:26:34 [notice] 1#1: getrlimit(RLIMIT_NOFILE): 1048576:1048576
2025/07/29 09:26:34 [notice] 1#1: start worker processes
2025/07/29 09:26:34 [notice] 1#1: start worker process 30
2025/07/29 09:26:34 [notice] 1#1: start worker process 31
2025/07/29 09:26:34 [notice] 1#1: start worker process 32
2025/07/29 09:26:34 [notice] 1#1: start worker process 33
2025/07/29 09:29:34 [notice] 1#1: signal 3 (SIGQUIT) received, shutting down
2025/07/29 09:29:34 [notice] 32#32: gracefully shutting down
2025/07/29 09:29:34 [notice] 32#32: exiting
2025/07/29 09:29:34 [notice] 32#32: exit
2025/07/29 09:29:34 [notice] 30#30: gracefully shutting down
2025/07/29 09:29:34 [notice] 33#33: gracefully shutting down
2025/07/29 09:29:34 [notice] 30#30: exiting
2025/07/29 09:29:34 [notice] 33#33: exiting
2025/07/29 09:29:34 [notice] 30#30: exit
2025/07/29 09:29:34 [notice] 33#33: exit
2025/07/29 09:29:34 [notice] 31#31: gracefully shutting down
2025/07/29 09:29:34 [notice] 31#31: exiting
2025/07/29 09:29:34 [notice] 31#31: exit
2025/07/29 09:29:34 [notice] 1#1: signal 17 (SIGCHLD) received from 32
2025/07/29 09:29:34 [notice] 1#1: worker process 32 exited with code 0
2025/07/29 09:29:34 [notice] 1#1: signal 29 (SIGIO) received
2025/07/29 09:29:34 [notice] 1#1: signal 17 (SIGCHLD) received from 31
2025/07/29 09:29:34 [notice] 1#1: worker process 31 exited with code 0
2025/07/29 09:29:34 [notice] 1#1: signal 29 (SIGIO) received
2025/07/29 09:29:34 [notice] 1#1: signal 17 (SIGCHLD) received from 33
2025/07/29 09:29:34 [notice] 1#1: worker process 33 exited with code 0
2025/07/29 09:29:34 [notice] 1#1: signal 29 (SIGIO) received
2025/07/29 09:29:34 [notice] 1#1: signal 17 (SIGCHLD) received from 30
2025/07/29 09:29:34 [notice] 1#1: worker process 30 exited with code 0
2025/07/29 09:29:34 [notice] 1#1: exit
2025/07/29 09:29:35 [notice] 1#1: using the "epoll" event method
2025/07/29 09:29:35 [notice] 1#1: nginx/1.29.0
2025/07/29 09:29:35 [notice] 1#1: built by gcc 12.2.0 (Debian 12.2.0-14+deb12u1) 
2025/07/29 09:29:35 [notice] 1#1: OS: Linux 6.14.0-24-generic
2025/07/29 09:29:35 [notice] 1#1: getrlimit(RLIMIT_NOFILE): 1048576:1048576
2025/07/29 09:29:35 [notice] 1#1: start worker processes
2025/07/29 09:29:35 [notice] 1#1: start worker process 28
2025/07/29 09:29:35 [notice] 1#1: start worker process 29
2025/07/29 09:29:35 [notice] 1#1: start worker process 30
2025/07/29 09:29:35 [notice] 1#1: start worker process 31
2025/07/31 19:30:03 [notice] 1#1: using the "epoll" event method
2025/07/31 19:30:03 [notice] 1#1: nginx/1.29.0
2025/07/31 19:30:03 [notice] 1#1: built by gcc 12.2.0 (Debian 12.2.0-14+deb12u1) 
2025/07/31 19:30:03 [notice] 1#1: OS: Linux 6.14.0-24-generic
2025/07/31 19:30:03 [notice] 1#1: getrlimit(RLIMIT_NOFILE): 1048576:1048576
2025/07/31 19:30:03 [notice] 1#1: start worker processes
2025/07/31 19:30:03 [notice] 1#1: start worker process 22
2025/07/31 19:30:03 [notice] 1#1: start worker process 23
2025/07/31 19:30:03 [notice] 1#1: start worker process 24
2025/07/31 19:30:03 [notice] 1#1: start worker process 25
2025/07/31 19:35:13 [notice] 1#1: signal 3 (SIGQUIT) received, shutting down
2025/07/31 19:35:13 [notice] 24#24: gracefully shutting down
2025/07/31 19:35:13 [notice] 24#24: exiting
2025/07/31 19:35:13 [notice] 23#23: gracefully shutting down
2025/07/31 19:35:13 [notice] 23#23: exiting
2025/07/31 19:35:13 [notice] 22#22: gracefully shutting down
2025/07/31 19:35:13 [notice] 24#24: exit
2025/07/31 19:35:13 [notice] 25#25: gracefully shutting down
2025/07/31 19:35:13 [notice] 22#22: exiting
2025/07/31 19:35:13 [notice] 23#23: exit
2025/07/31 19:35:13 [notice] 25#25: exiting
2025/07/31 19:35:13 [notice] 22#22: exit
2025/07/31 19:35:13 [notice] 25#25: exit
2025/07/31 19:35:13 [notice] 1#1: signal 17 (SIGCHLD) received from 25
2025/07/31 19:35:13 [notice] 1#1: worker process 22 exited with code 0
2025/07/31 19:35:13 [notice] 1#1: worker process 23 exited with code 0
2025/07/31 19:35:13 [notice] 1#1: worker process 24 exited with code 0
2025/07/31 19:35:13 [notice] 1#1: worker process 25 exited with code 0
2025/07/31 19:35:13 [notice] 1#1: exit
2025/07/31 19:35:28 [notice] 1#1: using the "epoll" event method
2025/07/31 19:35:28 [notice] 1#1: nginx/1.29.0
2025/07/31 19:35:28 [notice] 1#1: built by gcc 12.2.0 (Debian 12.2.0-14+deb12u1) 
2025/07/31 19:35:28 [notice] 1#1: OS: Linux 6.14.0-24-generic
2025/07/31 19:35:28 [notice] 1#1: getrlimit(RLIMIT_NOFILE): 1048576:1048576
2025/07/31 19:35:28 [notice] 1#1: start worker processes
2025/07/31 19:35:28 [notice] 1#1: start worker process 28
2025/07/31 19:35:28 [notice] 1#1: start worker process 29
2025/07/31 19:35:28 [notice] 1#1: start worker process 30
2025/07/31 19:35:28 [notice] 1#1: start worker process 31
2025/07/31 19:35:47 [error] 29#29: *1 open() "/usr/share/nginx/html/favicon.ico" failed (2: No such file or directory), client: 172.18.0.1, server: localhost, request: "GET /favicon.ico HTTP/1.1", host: "localhost:8081", referrer: "http://localhost:8081/"
2025/07/31 19:36:53 [error] 29#29: *1 open() "/usr/share/nginx/html/favicon.ico" failed (2: No such file or directory), client: 172.18.0.1, server: localhost, request: "GET /favicon.ico HTTP/1.1", host: "localhost:8081", referrer: "http://localhost:8081/"
2025/07/31 19:43:55 [notice] 1#1: signal 3 (SIGQUIT) received, shutting down
2025/07/31 19:43:55 [notice] 28#28: gracefully shutting down
2025/07/31 19:43:55 [notice] 28#28: exiting
2025/07/31 19:43:55 [notice] 28#28: exit
2025/07/31 19:43:55 [notice] 29#29: gracefully shutting down
2025/07/31 19:43:55 [notice] 29#29: exiting
2025/07/31 19:43:55 [notice] 29#29: exit
2025/07/31 19:43:55 [notice] 31#31: gracefully shutting down
2025/07/31 19:43:55 [notice] 31#31: exiting
2025/07/31 19:43:55 [notice] 30#30: gracefully shutting down
2025/07/31 19:43:55 [notice] 30#30: exiting
2025/07/31 19:43:55 [notice] 31#31: exit
2025/07/31 19:43:55 [notice] 30#30: exit
2025/07/31 19:43:55 [notice] 1#1: signal 17 (SIGCHLD) received from 30
2025/07/31 19:43:55 [notice] 1#1: worker process 28 exited with code 0
2025/07/31 19:43:55 [notice] 1#1: worker process 29 exited with code 0
2025/07/31 19:43:55 [notice] 1#1: worker process 30 exited with code 0
2025/07/31 19:43:55 [notice] 1#1: worker process 31 exited with code 0
2025/07/31 19:43:55 [notice] 1#1: exit
2025/07/31 19:44:16 [notice] 1#1: using the "epoll" event method
2025/07/31 19:44:16 [notice] 1#1: nginx/1.29.0
2025/07/31 19:44:16 [notice] 1#1: built by gcc 12.2.0 (Debian 12.2.0-14+deb12u1) 
2025/07/31 19:44:16 [notice] 1#1: OS: Linux 6.14.0-24-generic
2025/07/31 19:44:16 [notice] 1#1: getrlimit(RLIMIT_NOFILE): 1048576:1048576
2025/07/31 19:44:16 [notice] 1#1: start worker processes
2025/07/31 19:44:16 [notice] 1#1: start worker process 29
2025/07/31 19:44:16 [notice] 1#1: start worker process 30
2025/07/31 19:44:16 [notice] 1#1: start worker process 31
2025/07/31 19:44:16 [notice] 1#1: start worker process 32
2025/07/31 19:53:54 [notice] 1#1: signal 3 (SIGQUIT) received, shutting down
2025/07/31 19:53:54 [notice] 31#31: gracefully shutting down
2025/07/31 19:53:54 [notice] 31#31: exiting
2025/07/31 19:53:54 [notice] 29#29: gracefully shutting down
2025/07/31 19:53:54 [notice] 29#29: exiting
2025/07/31 19:53:54 [notice] 31#31: exit
2025/07/31 19:53:54 [notice] 29#29: exit
2025/07/31 19:53:54 [notice] 30#30: gracefully shutting down
2025/07/31 19:53:54 [notice] 30#30: exiting
2025/07/31 19:53:54 [notice] 30#30: exit
2025/07/31 19:53:54 [notice] 32#32: gracefully shutting down
2025/07/31 19:53:54 [notice] 32#32: exiting
2025/07/31 19:53:54 [notice] 32#32: exit
2025/07/31 19:53:54 [notice] 1#1: signal 17 (SIGCHLD) received from 30
2025/07/31 19:53:54 [notice] 1#1: worker process 29 exited with code 0
2025/07/31 19:53:54 [notice] 1#1: worker process 30 exited with code 0
2025/07/31 19:53:54 [notice] 1#1: worker process 31 exited with code 0
2025/07/31 19:53:54 [notice] 1#1: signal 29 (SIGIO) received
2025/07/31 19:53:54 [notice] 1#1: signal 17 (SIGCHLD) received from 32
2025/07/31 19:53:54 [notice] 1#1: worker process 32 exited with code 0
2025/07/31 19:53:54 [notice] 1#1: exit
2025/07/31 19:54:11 [notice] 1#1: using the "epoll" event method
2025/07/31 19:54:11 [notice] 1#1: nginx/1.29.0
2025/07/31 19:54:11 [notice] 1#1: built by gcc 12.2.0 (Debian 12.2.0-14+deb12u1) 
2025/07/31 19:54:11 [notice] 1#1: OS: Linux 6.14.0-24-generic
2025/07/31 19:54:11 [notice] 1#1: getrlimit(RLIMIT_NOFILE): 1048576:1048576
2025/07/31 19:54:11 [notice] 1#1: start worker processes
2025/07/31 19:54:11 [notice] 1#1: start worker process 30
2025/07/31 19:54:11 [notice] 1#1: start worker process 31
2025/07/31 19:54:11 [notice] 1#1: start worker process 32
2025/07/31 19:54:11 [notice] 1#1: start worker process 33
